<?xml version="1.0" encoding="UTF-8"?>
<testsuite xmlns:xsi="http://www.w3.org/2001/XMLSchema-instance" xsi:noNamespaceSchemaLocation="https://maven.apache.org/surefire/maven-surefire-plugin/xsd/surefire-test-report.xsd" name="TestSuite" time="53.165" tests="1" errors="0" skipped="0" failures="0">
  <properties>
    <property name="sun.desktop" value="windows"/>
    <property name="awt.toolkit" value="sun.awt.windows.WToolkit"/>
    <property name="file.encoding.pkg" value="sun.io"/>
    <property name="java.specification.version" value="1.8"/>
    <property name="sun.cpu.isalist" value="amd64"/>
    <property name="sun.jnu.encoding" value="GBK"/>
    <property name="java.class.path" value="D:\idea-workspace\TestCloud\target\test-classes;D:\idea-workspace\TestCloud\target\classes;D:\develop\ApacheMaven\maven-repository\org\seleniumhq\selenium\selenium-java\3.141.59\selenium-java-3.141.59.jar;D:\develop\ApacheMaven\maven-repository\org\seleniumhq\selenium\selenium-api\3.141.59\selenium-api-3.141.59.jar;D:\develop\ApacheMaven\maven-repository\org\seleniumhq\selenium\selenium-chrome-driver\3.141.59\selenium-chrome-driver-3.141.59.jar;D:\develop\ApacheMaven\maven-repository\org\seleniumhq\selenium\selenium-edge-driver\3.141.59\selenium-edge-driver-3.141.59.jar;D:\develop\ApacheMaven\maven-repository\org\seleniumhq\selenium\selenium-firefox-driver\3.141.59\selenium-firefox-driver-3.141.59.jar;D:\develop\ApacheMaven\maven-repository\org\seleniumhq\selenium\selenium-ie-driver\3.141.59\selenium-ie-driver-3.141.59.jar;D:\develop\ApacheMaven\maven-repository\org\seleniumhq\selenium\selenium-opera-driver\3.141.59\selenium-opera-driver-3.141.59.jar;D:\develop\ApacheMaven\maven-repository\org\seleniumhq\selenium\selenium-remote-driver\3.141.59\selenium-remote-driver-3.141.59.jar;D:\develop\ApacheMaven\maven-repository\org\seleniumhq\selenium\selenium-safari-driver\3.141.59\selenium-safari-driver-3.141.59.jar;D:\develop\ApacheMaven\maven-repository\org\seleniumhq\selenium\selenium-support\3.141.59\selenium-support-3.141.59.jar;D:\develop\ApacheMaven\maven-repository\net\bytebuddy\byte-buddy\1.8.15\byte-buddy-1.8.15.jar;D:\develop\ApacheMaven\maven-repository\org\apache\commons\commons-exec\1.3\commons-exec-1.3.jar;D:\develop\ApacheMaven\maven-repository\com\google\guava\guava\25.0-jre\guava-25.0-jre.jar;D:\develop\ApacheMaven\maven-repository\com\google\code\findbugs\jsr305\1.3.9\jsr305-1.3.9.jar;D:\develop\ApacheMaven\maven-repository\org\checkerframework\checker-compat-qual\2.0.0\checker-compat-qual-2.0.0.jar;D:\develop\ApacheMaven\maven-repository\com\google\errorprone\error_prone_annotations\2.1.3\error_prone_annotations-2.1.3.jar;D:\develop\ApacheMaven\maven-repository\com\google\j2objc\j2objc-annotations\1.1\j2objc-annotations-1.1.jar;D:\develop\ApacheMaven\maven-repository\org\codehaus\mojo\animal-sniffer-annotations\1.14\animal-sniffer-annotations-1.14.jar;D:\develop\ApacheMaven\maven-repository\com\squareup\okhttp3\okhttp\3.11.0\okhttp-3.11.0.jar;D:\develop\ApacheMaven\maven-repository\com\squareup\okio\okio\1.14.0\okio-1.14.0.jar;D:\develop\ApacheMaven\maven-repository\org\testng\testng\6.14.2\testng-6.14.2.jar;D:\develop\ApacheMaven\maven-repository\com\beust\jcommander\1.72\jcommander-1.72.jar;D:\develop\ApacheMaven\maven-repository\org\apache-extras\beanshell\bsh\2.0b6\bsh-2.0b6.jar;D:\develop\ApacheMaven\maven-repository\io\qameta\allure\allure-testng\2.8.1\allure-testng-2.8.1.jar;D:\develop\ApacheMaven\maven-repository\io\qameta\allure\allure-descriptions-javadoc\2.8.1\allure-descriptions-javadoc-2.8.1.jar;D:\develop\ApacheMaven\maven-repository\commons-io\commons-io\2.6\commons-io-2.6.jar;D:\develop\ApacheMaven\maven-repository\io\qameta\allure\allure-java-commons\2.8.1\allure-java-commons-2.8.1.jar;D:\develop\ApacheMaven\maven-repository\io\qameta\allure\allure-model\2.8.1\allure-model-2.8.1.jar;D:\develop\ApacheMaven\maven-repository\com\fasterxml\jackson\core\jackson-databind\2.9.7\jackson-databind-2.9.7.jar;D:\develop\ApacheMaven\maven-repository\com\fasterxml\jackson\core\jackson-annotations\2.9.0\jackson-annotations-2.9.0.jar;D:\develop\ApacheMaven\maven-repository\com\fasterxml\jackson\core\jackson-core\2.9.7\jackson-core-2.9.7.jar;D:\develop\ApacheMaven\maven-repository\org\apache\tika\tika-core\1.19.1\tika-core-1.19.1.jar;D:\develop\ApacheMaven\maven-repository\org\aspectj\aspectjrt\1.9.1\aspectjrt-1.9.1.jar;D:\develop\ApacheMaven\maven-repository\org\jooq\joor-java-8\0.9.9\joor-java-8-0.9.9.jar;D:\develop\ApacheMaven\maven-repository\org\slf4j\slf4j-api\1.7.25\slf4j-api-1.7.25.jar;"/>
    <property name="java.vm.vendor" value="Oracle Corporation"/>
    <property name="sun.arch.data.model" value="64"/>
    <property name="user.variant" value=""/>
    <property name="java.vendor.url" value="http://java.oracle.com/"/>
    <property name="user.timezone" value="Asia/Shanghai"/>
    <property name="java.vm.specification.version" value="1.8"/>
    <property name="os.name" value="Windows 10"/>
    <property name="user.country" value="CN"/>
    <property name="sun.java.launcher" value="SUN_STANDARD"/>
    <property name="sun.boot.library.path" value="C:\Program Files\Java\jdk1.8.0_66\jre\bin"/>
    <property name="sun.java.command" value="C:\Users\T560\AppData\Local\Temp\surefire5392575566391717048\surefirebooter5274176598606184994.jar C:\Users\T560\AppData\Local\Temp\surefire5392575566391717048 2019-08-15T13-49-55_201-jvmRun1 surefire8869597201160085410tmp surefire_02265554857929546658tmp"/>
    <property name="surefire.test.class.path" value="D:\idea-workspace\TestCloud\target\test-classes;D:\idea-workspace\TestCloud\target\classes;D:\develop\ApacheMaven\maven-repository\org\seleniumhq\selenium\selenium-java\3.141.59\selenium-java-3.141.59.jar;D:\develop\ApacheMaven\maven-repository\org\seleniumhq\selenium\selenium-api\3.141.59\selenium-api-3.141.59.jar;D:\develop\ApacheMaven\maven-repository\org\seleniumhq\selenium\selenium-chrome-driver\3.141.59\selenium-chrome-driver-3.141.59.jar;D:\develop\ApacheMaven\maven-repository\org\seleniumhq\selenium\selenium-edge-driver\3.141.59\selenium-edge-driver-3.141.59.jar;D:\develop\ApacheMaven\maven-repository\org\seleniumhq\selenium\selenium-firefox-driver\3.141.59\selenium-firefox-driver-3.141.59.jar;D:\develop\ApacheMaven\maven-repository\org\seleniumhq\selenium\selenium-ie-driver\3.141.59\selenium-ie-driver-3.141.59.jar;D:\develop\ApacheMaven\maven-repository\org\seleniumhq\selenium\selenium-opera-driver\3.141.59\selenium-opera-driver-3.141.59.jar;D:\develop\ApacheMaven\maven-repository\org\seleniumhq\selenium\selenium-remote-driver\3.141.59\selenium-remote-driver-3.141.59.jar;D:\develop\ApacheMaven\maven-repository\org\seleniumhq\selenium\selenium-safari-driver\3.141.59\selenium-safari-driver-3.141.59.jar;D:\develop\ApacheMaven\maven-repository\org\seleniumhq\selenium\selenium-support\3.141.59\selenium-support-3.141.59.jar;D:\develop\ApacheMaven\maven-repository\net\bytebuddy\byte-buddy\1.8.15\byte-buddy-1.8.15.jar;D:\develop\ApacheMaven\maven-repository\org\apache\commons\commons-exec\1.3\commons-exec-1.3.jar;D:\develop\ApacheMaven\maven-repository\com\google\guava\guava\25.0-jre\guava-25.0-jre.jar;D:\develop\ApacheMaven\maven-repository\com\google\code\findbugs\jsr305\1.3.9\jsr305-1.3.9.jar;D:\develop\ApacheMaven\maven-repository\org\checkerframework\checker-compat-qual\2.0.0\checker-compat-qual-2.0.0.jar;D:\develop\ApacheMaven\maven-repository\com\google\errorprone\error_prone_annotations\2.1.3\error_prone_annotations-2.1.3.jar;D:\develop\ApacheMaven\maven-repository\com\google\j2objc\j2objc-annotations\1.1\j2objc-annotations-1.1.jar;D:\develop\ApacheMaven\maven-repository\org\codehaus\mojo\animal-sniffer-annotations\1.14\animal-sniffer-annotations-1.14.jar;D:\develop\ApacheMaven\maven-repository\com\squareup\okhttp3\okhttp\3.11.0\okhttp-3.11.0.jar;D:\develop\ApacheMaven\maven-repository\com\squareup\okio\okio\1.14.0\okio-1.14.0.jar;D:\develop\ApacheMaven\maven-repository\org\testng\testng\6.14.2\testng-6.14.2.jar;D:\develop\ApacheMaven\maven-repository\com\beust\jcommander\1.72\jcommander-1.72.jar;D:\develop\ApacheMaven\maven-repository\org\apache-extras\beanshell\bsh\2.0b6\bsh-2.0b6.jar;D:\develop\ApacheMaven\maven-repository\io\qameta\allure\allure-testng\2.8.1\allure-testng-2.8.1.jar;D:\develop\ApacheMaven\maven-repository\io\qameta\allure\allure-descriptions-javadoc\2.8.1\allure-descriptions-javadoc-2.8.1.jar;D:\develop\ApacheMaven\maven-repository\commons-io\commons-io\2.6\commons-io-2.6.jar;D:\develop\ApacheMaven\maven-repository\io\qameta\allure\allure-java-commons\2.8.1\allure-java-commons-2.8.1.jar;D:\develop\ApacheMaven\maven-repository\io\qameta\allure\allure-model\2.8.1\allure-model-2.8.1.jar;D:\develop\ApacheMaven\maven-repository\com\fasterxml\jackson\core\jackson-databind\2.9.7\jackson-databind-2.9.7.jar;D:\develop\ApacheMaven\maven-repository\com\fasterxml\jackson\core\jackson-annotations\2.9.0\jackson-annotations-2.9.0.jar;D:\develop\ApacheMaven\maven-repository\com\fasterxml\jackson\core\jackson-core\2.9.7\jackson-core-2.9.7.jar;D:\develop\ApacheMaven\maven-repository\org\apache\tika\tika-core\1.19.1\tika-core-1.19.1.jar;D:\develop\ApacheMaven\maven-repository\org\aspectj\aspectjrt\1.9.1\aspectjrt-1.9.1.jar;D:\develop\ApacheMaven\maven-repository\org\jooq\joor-java-8\0.9.9\joor-java-8-0.9.9.jar;D:\develop\ApacheMaven\maven-repository\org\slf4j\slf4j-api\1.7.25\slf4j-api-1.7.25.jar;"/>
    <property name="sun.cpu.endian" value="little"/>
    <property name="user.home" value="C:\Users\T560"/>
    <property name="user.language" value="zh"/>
    <property name="java.specification.vendor" value="Oracle Corporation"/>
    <property name="java.home" value="C:\Program Files\Java\jdk1.8.0_66\jre"/>
    <property name="basedir" value="D:\idea-workspace\TestCloud"/>
    <property name="file.separator" value="\"/>
    <property name="line.separator" value="&#10;"/>
    <property name="java.vm.specification.vendor" value="Oracle Corporation"/>
    <property name="java.specification.name" value="Java Platform API Specification"/>
    <property name="java.awt.graphicsenv" value="sun.awt.Win32GraphicsEnvironment"/>
    <property name="surefire.real.class.path" value="C:\Users\T560\AppData\Local\Temp\surefire5392575566391717048\surefirebooter5274176598606184994.jar"/>
    <property name="sun.boot.class.path" value="C:\Program Files\Java\jdk1.8.0_66\jre\lib\resources.jar;C:\Program Files\Java\jdk1.8.0_66\jre\lib\rt.jar;C:\Program Files\Java\jdk1.8.0_66\jre\lib\sunrsasign.jar;C:\Program Files\Java\jdk1.8.0_66\jre\lib\jsse.jar;C:\Program Files\Java\jdk1.8.0_66\jre\lib\jce.jar;C:\Program Files\Java\jdk1.8.0_66\jre\lib\charsets.jar;C:\Program Files\Java\jdk1.8.0_66\jre\lib\jfr.jar;C:\Program Files\Java\jdk1.8.0_66\jre\classes"/>
    <property name="user.script" value=""/>
    <property name="sun.management.compiler" value="HotSpot 64-Bit Tiered Compilers"/>
    <property name="java.runtime.version" value="1.8.0_66-b17"/>
    <property name="user.name" value="T560"/>
    <property name="path.separator" value=";"/>
    <property name="os.version" value="10.0"/>
    <property name="java.endorsed.dirs" value="C:\Program Files\Java\jdk1.8.0_66\jre\lib\endorsed"/>
    <property name="java.runtime.name" value="Java(TM) SE Runtime Environment"/>
    <property name="file.encoding" value="GBK"/>
    <property name="java.vm.name" value="Java HotSpot(TM) 64-Bit Server VM"/>
    <property name="localRepository" value="D:\develop\ApacheMaven\maven-repository"/>
    <property name="java.vendor.url.bug" value="http://bugreport.sun.com/bugreport/"/>
    <property name="java.io.tmpdir" value="C:\Users\T560\AppData\Local\Temp\"/>
    <property name="java.version" value="1.8.0_66"/>
    <property name="user.dir" value="D:\idea-workspace\TestCloud"/>
    <property name="os.arch" value="amd64"/>
    <property name="java.vm.specification.name" value="Java Virtual Machine Specification"/>
    <property name="java.awt.printerjob" value="sun.awt.windows.WPrinterJob"/>
    <property name="sun.os.patch.level" value=""/>
    <property name="java.library.path" value="C:\Program Files\Java\jdk1.8.0_66\jre\bin;C:\Windows\Sun\Java\bin;C:\Windows\system32;C:\Windows;D:\develop\Python\Scripts\;D:\develop\Python\;D:\develop\oracle12c\product\12.2.0\dbhome_1\bin;C:\ProgramData\Oracle\Java\javapath;C:\Windows\system32;C:\Windows;C:\Windows\System32\Wbem;C:\Windows\System32\WindowsPowerShell\v1.0\;C:\Windows\System32\OpenSSH\;D:\software\TortoiseSVN\bin;C:\Program Files\Java\jdk1.8.0_66\bin;D:\software\Nodejs\;D:\software\allure-commandline\bin;D:\develop\ApacheMaven\apache-maven-3.6.0\bin;D:\develop\AppData\Local\Android\Sdk\platform-tools;D:\adb_tool;D:\develop\Python;D:\develop\mysql-5.7.22-winx64\bin;C:\Users\T560\AppData\Local\Microsoft\WindowsApps;C:\Users\T560\AppData\Roaming\npm;D:\develop\AppData\Local\Android\Sdk\platform-tools;;D:\develop\Fiddler;."/>
    <property name="java.vm.info" value="mixed mode"/>
    <property name="java.vendor" value="Oracle Corporation"/>
    <property name="java.vm.version" value="25.66-b17"/>
    <property name="java.ext.dirs" value="C:\Program Files\Java\jdk1.8.0_66\jre\lib\ext;C:\Windows\Sun\Java\lib\ext"/>
    <property name="sun.io.unicode.encoding" value="UnicodeLittle"/>
    <property name="java.class.version" value="52.0"/>
  </properties>
  <testcase name="testCase001" classname="TestYunDuiJiang.TestCreateAgent" time="44.406"/>
</testsuite>