<?xml version="1.0" encoding="UTF-8"?>
<!-- Generated by org.testng.reporters.JUnitReportReporter -->
<testsuite skipped="0" hostname="DESKTOP-C7NGALP" name="TestYunDuiJiang.TestCreateAgent" tests="1" failures="0" timestamp="20 八月 2019 05:12:50 GMT" time="50.311" errors="0">
  <testcase name="testCase001" time="50.311" classname="TestYunDuiJiang.TestCreateAgent"/>
</testsuite> <!-- TestYunDuiJiang.TestCreateAgent -->
